{"/Users/andelarwanda/Desktop/Brand/Brand-Api/app.js": {"path":"/Users/andelarwanda/Desktop/Brand/Brand-Api/app.js","statementMap":{"0":{"start":{"line":1,"column":14},"end":{"line":1,"column":32}},"1":{"start":{"line":2,"column":15},"end":{"line":2,"column":34}},"2":{"start":{"line":3,"column":13},"end":{"line":3,"column":30}},"3":{"start":{"line":4,"column":16},"end":{"line":4,"column":40}},"4":{"start":{"line":5,"column":16},"end":{"line":5,"column":40}},"5":{"start":{"line":6,"column":16},"end":{"line":6,"column":40}},"6":{"start":{"line":7,"column":15},"end":{"line":7,"column":43}},"7":{"start":{"line":8,"column":19},"end":{"line":8,"column":46}},"8":{"start":{"line":9,"column":18},"end":{"line":9,"column":43}},"9":{"start":{"line":10,"column":10},"end":{"line":10,"column":19}},"10":{"start":{"line":11,"column":0},"end":{"line":11,"column":16}},"11":{"start":{"line":12,"column":0},"end":{"line":12,"column":24}},"12":{"start":{"line":13,"column":0},"end":{"line":13,"column":34}},"13":{"start":{"line":14,"column":0},"end":{"line":16,"column":35}},"14":{"start":{"line":16,"column":16},"end":{"line":16,"column":34}},"15":{"start":{"line":17,"column":0},"end":{"line":17,"column":17}},"16":{"start":{"line":18,"column":0},"end":{"line":18,"column":31}},"17":{"start":{"line":19,"column":0},"end":{"line":19,"column":31}},"18":{"start":{"line":20,"column":0},"end":{"line":20,"column":32}},"19":{"start":{"line":21,"column":0},"end":{"line":21,"column":35}},"20":{"start":{"line":22,"column":0},"end":{"line":22,"column":38}},"21":{"start":{"line":23,"column":0},"end":{"line":23,"column":18}}},"fnMap":{"0":{"name":"(anonymous_0)","decl":{"start":{"line":16,"column":7},"end":{"line":16,"column":8}},"loc":{"start":{"line":16,"column":16},"end":{"line":16,"column":34}},"line":16}},"branchMap":{},"s":{"0":3,"1":3,"2":3,"3":3,"4":3,"5":3,"6":3,"7":3,"8":3,"9":3,"10":3,"11":3,"12":3,"13":3,"14":0,"15":3,"16":3,"17":3,"18":3,"19":3,"20":3,"21":3},"f":{"0":0},"b":{},"_coverageSchema":"1a1c01bbd47fc00a2c39e90264f33305004495a9","hash":"4647e2a84bea78b6c1957018020967db6069b089"}
,"/Users/andelarwanda/Desktop/Brand/Brand-Api/controllers/categoryController.js": {"path":"/Users/andelarwanda/Desktop/Brand/Brand-Api/controllers/categoryController.js","statementMap":{"0":{"start":{"line":1,"column":15},"end":{"line":1,"column":44}},"1":{"start":{"line":3,"column":0},"end":{"line":12,"column":1}},"2":{"start":{"line":4,"column":17},"end":{"line":4,"column":41}},"3":{"start":{"line":5,"column":4},"end":{"line":11,"column":5}},"4":{"start":{"line":6,"column":23},"end":{"line":6,"column":42}},"5":{"start":{"line":7,"column":8},"end":{"line":7,"column":39}},"6":{"start":{"line":10,"column":8},"end":{"line":10,"column":36}},"7":{"start":{"line":13,"column":0},"end":{"line":21,"column":1}},"8":{"start":{"line":14,"column":4},"end":{"line":20,"column":5}},"9":{"start":{"line":15,"column":19},"end":{"line":15,"column":40}},"10":{"start":{"line":16,"column":8},"end":{"line":16,"column":35}},"11":{"start":{"line":19,"column":8},"end":{"line":19,"column":36}},"12":{"start":{"line":22,"column":0},"end":{"line":29,"column":1}},"13":{"start":{"line":23,"column":4},"end":{"line":28,"column":5}},"14":{"start":{"line":24,"column":23},"end":{"line":24,"column":61}},"15":{"start":{"line":25,"column":8},"end":{"line":25,"column":39}},"16":{"start":{"line":27,"column":8},"end":{"line":27,"column":35}}},"fnMap":{"0":{"name":"(anonymous_0)","decl":{"start":{"line":3,"column":22},"end":{"line":3,"column":23}},"loc":{"start":{"line":3,"column":38},"end":{"line":12,"column":1}},"line":3},"1":{"name":"(anonymous_1)","decl":{"start":{"line":13,"column":21},"end":{"line":13,"column":22}},"loc":{"start":{"line":13,"column":37},"end":{"line":21,"column":1}},"line":13},"2":{"name":"(anonymous_2)","decl":{"start":{"line":22,"column":20},"end":{"line":22,"column":21}},"loc":{"start":{"line":22,"column":36},"end":{"line":29,"column":1}},"line":22}},"branchMap":{},"s":{"0":3,"1":3,"2":0,"3":0,"4":0,"5":0,"6":0,"7":3,"8":0,"9":0,"10":0,"11":0,"12":3,"13":0,"14":0,"15":0,"16":0},"f":{"0":0,"1":0,"2":0},"b":{},"_coverageSchema":"1a1c01bbd47fc00a2c39e90264f33305004495a9","hash":"ec156049a849f9de4f7bb839c6fb1ca49ac048bd"}
,"/Users/andelarwanda/Desktop/Brand/Brand-Api/controllers/commentController.js": {"path":"/Users/andelarwanda/Desktop/Brand/Brand-Api/controllers/commentController.js","statementMap":{"0":{"start":{"line":2,"column":11},"end":{"line":2,"column":37}},"1":{"start":{"line":3,"column":14},"end":{"line":3,"column":42}},"2":{"start":{"line":4,"column":0},"end":{"line":19,"column":2}},"3":{"start":{"line":6,"column":17},"end":{"line":6,"column":51}},"4":{"start":{"line":9,"column":18},"end":{"line":13,"column":4}},"5":{"start":{"line":14,"column":2},"end":{"line":14,"column":23}},"6":{"start":{"line":18,"column":2},"end":{"line":18,"column":27}}},"fnMap":{"0":{"name":"(anonymous_0)","decl":{"start":{"line":4,"column":22},"end":{"line":4,"column":23}},"loc":{"start":{"line":4,"column":42},"end":{"line":19,"column":1}},"line":4}},"branchMap":{},"s":{"0":3,"1":3,"2":3,"3":1,"4":1,"5":1,"6":1},"f":{"0":1},"b":{},"_coverageSchema":"1a1c01bbd47fc00a2c39e90264f33305004495a9","hash":"9b0e412e7974537bf89589d1bcf9fa391cab6e79"}
,"/Users/andelarwanda/Desktop/Brand/Brand-Api/controllers/likeController.js": {"path":"/Users/andelarwanda/Desktop/Brand/Brand-Api/controllers/likeController.js","statementMap":{"0":{"start":{"line":2,"column":12},"end":{"line":2,"column":38}},"1":{"start":{"line":3,"column":0},"end":{"line":16,"column":1}},"2":{"start":{"line":4,"column":4},"end":{"line":15,"column":5}},"3":{"start":{"line":5,"column":21},"end":{"line":5,"column":63}},"4":{"start":{"line":6,"column":8},"end":{"line":8,"column":9}},"5":{"start":{"line":7,"column":12},"end":{"line":7,"column":67}},"6":{"start":{"line":9,"column":8},"end":{"line":11,"column":10}},"7":{"start":{"line":12,"column":8},"end":{"line":12,"column":54}},"8":{"start":{"line":14,"column":8},"end":{"line":14,"column":33}},"9":{"start":{"line":17,"column":0},"end":{"line":30,"column":1}},"10":{"start":{"line":18,"column":4},"end":{"line":29,"column":5}},"11":{"start":{"line":19,"column":21},"end":{"line":19,"column":63}},"12":{"start":{"line":20,"column":8},"end":{"line":22,"column":9}},"13":{"start":{"line":21,"column":12},"end":{"line":21,"column":67}},"14":{"start":{"line":23,"column":8},"end":{"line":25,"column":10}},"15":{"start":{"line":26,"column":8},"end":{"line":26,"column":56}},"16":{"start":{"line":28,"column":8},"end":{"line":28,"column":33}}},"fnMap":{"0":{"name":"(anonymous_0)","decl":{"start":{"line":3,"column":15},"end":{"line":3,"column":16}},"loc":{"start":{"line":3,"column":35},"end":{"line":16,"column":1}},"line":3},"1":{"name":"(anonymous_1)","decl":{"start":{"line":17,"column":17},"end":{"line":17,"column":18}},"loc":{"start":{"line":17,"column":37},"end":{"line":30,"column":1}},"line":17}},"branchMap":{"0":{"loc":{"start":{"line":6,"column":8},"end":{"line":8,"column":9}},"type":"if","locations":[{"start":{"line":6,"column":8},"end":{"line":8,"column":9}},{"start":{},"end":{}}],"line":6},"1":{"loc":{"start":{"line":20,"column":8},"end":{"line":22,"column":9}},"type":"if","locations":[{"start":{"line":20,"column":8},"end":{"line":22,"column":9}},{"start":{},"end":{}}],"line":20}},"s":{"0":3,"1":3,"2":0,"3":0,"4":0,"5":0,"6":0,"7":0,"8":0,"9":3,"10":0,"11":0,"12":0,"13":0,"14":0,"15":0,"16":0},"f":{"0":0,"1":0},"b":{"0":[0,0],"1":[0,0]},"_coverageSchema":"1a1c01bbd47fc00a2c39e90264f33305004495a9","hash":"8b0d6b8e43b7dcb34be5315356850b7853d04383"}
,"/Users/andelarwanda/Desktop/Brand/Brand-Api/controllers/messageController.js": {"path":"/Users/andelarwanda/Desktop/Brand/Brand-Api/controllers/messageController.js","statementMap":{"0":{"start":{"line":1,"column":14},"end":{"line":1,"column":42}},"1":{"start":{"line":3,"column":0},"end":{"line":11,"column":1}},"2":{"start":{"line":4,"column":21},"end":{"line":4,"column":42}},"3":{"start":{"line":5,"column":4},"end":{"line":10,"column":5}},"4":{"start":{"line":6,"column":26},"end":{"line":6,"column":49}},"5":{"start":{"line":7,"column":8},"end":{"line":7,"column":42}},"6":{"start":{"line":9,"column":8},"end":{"line":9,"column":36}},"7":{"start":{"line":12,"column":0},"end":{"line":19,"column":1}},"8":{"start":{"line":13,"column":4},"end":{"line":18,"column":5}},"9":{"start":{"line":14,"column":22},"end":{"line":14,"column":59}},"10":{"start":{"line":15,"column":8},"end":{"line":15,"column":38}},"11":{"start":{"line":17,"column":8},"end":{"line":17,"column":35}},"12":{"start":{"line":20,"column":0},"end":{"line":35,"column":1}},"13":{"start":{"line":21,"column":19},"end":{"line":21,"column":33}},"14":{"start":{"line":22,"column":4},"end":{"line":34,"column":5}},"15":{"start":{"line":24,"column":8},"end":{"line":29,"column":9}},"16":{"start":{"line":25,"column":12},"end":{"line":25,"column":52}},"17":{"start":{"line":28,"column":12},"end":{"line":28,"column":42}},"18":{"start":{"line":30,"column":8},"end":{"line":30,"column":39}},"19":{"start":{"line":33,"column":8},"end":{"line":33,"column":36}},"20":{"start":{"line":36,"column":0},"end":{"line":45,"column":1}},"21":{"start":{"line":37,"column":4},"end":{"line":44,"column":5}},"22":{"start":{"line":38,"column":24},"end":{"line":38,"column":61}},"23":{"start":{"line":39,"column":8},"end":{"line":39,"column":101}},"24":{"start":{"line":39,"column":21},"end":{"line":39,"column":101}},"25":{"start":{"line":40,"column":8},"end":{"line":40,"column":55}},"26":{"start":{"line":41,"column":8},"end":{"line":41,"column":75}},"27":{"start":{"line":43,"column":8},"end":{"line":43,"column":68}}},"fnMap":{"0":{"name":"(anonymous_0)","decl":{"start":{"line":3,"column":21},"end":{"line":3,"column":22}},"loc":{"start":{"line":3,"column":37},"end":{"line":11,"column":1}},"line":3},"1":{"name":"(anonymous_1)","decl":{"start":{"line":12,"column":16},"end":{"line":12,"column":17}},"loc":{"start":{"line":12,"column":32},"end":{"line":19,"column":1}},"line":12},"2":{"name":"(anonymous_2)","decl":{"start":{"line":20,"column":16},"end":{"line":20,"column":17}},"loc":{"start":{"line":20,"column":32},"end":{"line":35,"column":1}},"line":20},"3":{"name":"(anonymous_3)","decl":{"start":{"line":36,"column":15},"end":{"line":36,"column":16}},"loc":{"start":{"line":36,"column":31},"end":{"line":45,"column":1}},"line":36}},"branchMap":{"0":{"loc":{"start":{"line":24,"column":8},"end":{"line":29,"column":9}},"type":"if","locations":[{"start":{"line":24,"column":8},"end":{"line":29,"column":9}},{"start":{"line":27,"column":12},"end":{"line":29,"column":9}}],"line":24},"1":{"loc":{"start":{"line":39,"column":8},"end":{"line":39,"column":101}},"type":"if","locations":[{"start":{"line":39,"column":8},"end":{"line":39,"column":101}},{"start":{},"end":{}}],"line":39}},"s":{"0":3,"1":3,"2":1,"3":1,"4":1,"5":1,"6":0,"7":3,"8":1,"9":1,"10":1,"11":0,"12":3,"13":1,"14":1,"15":1,"16":0,"17":1,"18":1,"19":0,"20":3,"21":1,"22":1,"23":1,"24":0,"25":1,"26":1,"27":0},"f":{"0":1,"1":1,"2":1,"3":1},"b":{"0":[0,1],"1":[0,1]},"_coverageSchema":"1a1c01bbd47fc00a2c39e90264f33305004495a9","hash":"8fa5e6247446288985afbc70b85079808db03e0e"}
,"/Users/andelarwanda/Desktop/Brand/Brand-Api/controllers/postController.js": {"path":"/Users/andelarwanda/Desktop/Brand/Brand-Api/controllers/postController.js","statementMap":{"0":{"start":{"line":1,"column":11},"end":{"line":1,"column":37}},"1":{"start":{"line":2,"column":17},"end":{"line":2,"column":49}},"2":{"start":{"line":4,"column":0},"end":{"line":17,"column":1}},"3":{"start":{"line":5,"column":4},"end":{"line":16,"column":5}},"4":{"start":{"line":6,"column":23},"end":{"line":6,"column":70}},"5":{"start":{"line":7,"column":21},"end":{"line":11,"column":10}},"6":{"start":{"line":12,"column":8},"end":{"line":12,"column":26}},"7":{"start":{"line":13,"column":8},"end":{"line":13,"column":42}},"8":{"start":{"line":15,"column":8},"end":{"line":15,"column":60}},"9":{"start":{"line":18,"column":0},"end":{"line":36,"column":1}},"10":{"start":{"line":19,"column":4},"end":{"line":35,"column":9}},"11":{"start":{"line":20,"column":19},"end":{"line":20,"column":53}},"12":{"start":{"line":21,"column":8},"end":{"line":21,"column":92}},"13":{"start":{"line":21,"column":18},"end":{"line":21,"column":92}},"14":{"start":{"line":22,"column":8},"end":{"line":22,"column":54}},"15":{"start":{"line":23,"column":23},"end":{"line":23,"column":70}},"16":{"start":{"line":24,"column":28},"end":{"line":28,"column":24}},"17":{"start":{"line":29,"column":10},"end":{"line":32,"column":13}},"18":{"start":{"line":34,"column":12},"end":{"line":34,"column":81}},"19":{"start":{"line":37,"column":0},"end":{"line":45,"column":1}},"20":{"start":{"line":38,"column":4},"end":{"line":44,"column":7}},"21":{"start":{"line":39,"column":8},"end":{"line":39,"column":52}},"22":{"start":{"line":40,"column":8},"end":{"line":40,"column":93}},"23":{"start":{"line":43,"column":8},"end":{"line":43,"column":74}},"24":{"start":{"line":46,"column":0},"end":{"line":54,"column":1}},"25":{"start":{"line":47,"column":4},"end":{"line":53,"column":5}},"26":{"start":{"line":48,"column":19},"end":{"line":49,"column":44}},"27":{"start":{"line":50,"column":8},"end":{"line":50,"column":43}},"28":{"start":{"line":52,"column":8},"end":{"line":52,"column":42}},"29":{"start":{"line":55,"column":0},"end":{"line":77,"column":1}},"30":{"start":{"line":56,"column":19},"end":{"line":56,"column":33}},"31":{"start":{"line":57,"column":18},"end":{"line":57,"column":31}},"32":{"start":{"line":58,"column":4},"end":{"line":76,"column":5}},"33":{"start":{"line":60,"column":8},"end":{"line":71,"column":9}},"34":{"start":{"line":61,"column":12},"end":{"line":61,"column":46}},"35":{"start":{"line":63,"column":13},"end":{"line":71,"column":9}},"36":{"start":{"line":64,"column":12},"end":{"line":66,"column":16}},"37":{"start":{"line":69,"column":12},"end":{"line":70,"column":34}},"38":{"start":{"line":72,"column":8},"end":{"line":72,"column":44}},"39":{"start":{"line":75,"column":8},"end":{"line":75,"column":43}}},"fnMap":{"0":{"name":"(anonymous_0)","decl":{"start":{"line":4,"column":18},"end":{"line":4,"column":19}},"loc":{"start":{"line":4,"column":34},"end":{"line":17,"column":1}},"line":4},"1":{"name":"(anonymous_1)","decl":{"start":{"line":18,"column":18},"end":{"line":18,"column":19}},"loc":{"start":{"line":18,"column":34},"end":{"line":36,"column":1}},"line":18},"2":{"name":"(anonymous_2)","decl":{"start":{"line":37,"column":18},"end":{"line":37,"column":19}},"loc":{"start":{"line":37,"column":34},"end":{"line":45,"column":1}},"line":37},"3":{"name":"(anonymous_3)","decl":{"start":{"line":46,"column":17},"end":{"line":46,"column":18}},"loc":{"start":{"line":46,"column":33},"end":{"line":54,"column":1}},"line":46},"4":{"name":"(anonymous_4)","decl":{"start":{"line":55,"column":16},"end":{"line":55,"column":17}},"loc":{"start":{"line":55,"column":32},"end":{"line":77,"column":1}},"line":55}},"branchMap":{"0":{"loc":{"start":{"line":21,"column":8},"end":{"line":21,"column":92}},"type":"if","locations":[{"start":{"line":21,"column":8},"end":{"line":21,"column":92}},{"start":{},"end":{}}],"line":21},"1":{"loc":{"start":{"line":60,"column":8},"end":{"line":71,"column":9}},"type":"if","locations":[{"start":{"line":60,"column":8},"end":{"line":71,"column":9}},{"start":{"line":63,"column":13},"end":{"line":71,"column":9}}],"line":60},"2":{"loc":{"start":{"line":63,"column":13},"end":{"line":71,"column":9}},"type":"if","locations":[{"start":{"line":63,"column":13},"end":{"line":71,"column":9}},{"start":{"line":68,"column":12},"end":{"line":71,"column":9}}],"line":63}},"s":{"0":3,"1":3,"2":3,"3":0,"4":0,"5":0,"6":0,"7":0,"8":0,"9":3,"10":0,"11":0,"12":0,"13":0,"14":0,"15":0,"16":0,"17":0,"18":0,"19":3,"20":1,"21":1,"22":1,"23":0,"24":3,"25":1,"26":1,"27":1,"28":0,"29":3,"30":1,"31":1,"32":1,"33":1,"34":0,"35":1,"36":0,"37":1,"38":1,"39":0},"f":{"0":0,"1":0,"2":1,"3":1,"4":1},"b":{"0":[0,0],"1":[0,1],"2":[0,1]},"_coverageSchema":"1a1c01bbd47fc00a2c39e90264f33305004495a9","hash":"6951ee425037f5d05d9a956e6806f2dc5d159a7e"}
,"/Users/andelarwanda/Desktop/Brand/Brand-Api/controllers/userController.js": {"path":"/Users/andelarwanda/Desktop/Brand/Brand-Api/controllers/userController.js","statementMap":{"0":{"start":{"line":1,"column":11},"end":{"line":1,"column":36}},"1":{"start":{"line":2,"column":13},"end":{"line":2,"column":30}},"2":{"start":{"line":4,"column":0},"end":{"line":17,"column":1}},"3":{"start":{"line":5,"column":8},"end":{"line":8,"column":9}},"4":{"start":{"line":6,"column":23},"end":{"line":6,"column":47}},"5":{"start":{"line":7,"column":12},"end":{"line":7,"column":72}},"6":{"start":{"line":9,"column":8},"end":{"line":16,"column":9}},"7":{"start":{"line":10,"column":30},"end":{"line":12,"column":25}},"8":{"start":{"line":13,"column":12},"end":{"line":13,"column":46}},"9":{"start":{"line":15,"column":12},"end":{"line":15,"column":39}},"10":{"start":{"line":18,"column":0},"end":{"line":29,"column":5}},"11":{"start":{"line":19,"column":4},"end":{"line":28,"column":7}},"12":{"start":{"line":20,"column":21},"end":{"line":20,"column":55}},"13":{"start":{"line":21,"column":8},"end":{"line":23,"column":9}},"14":{"start":{"line":22,"column":10},"end":{"line":22,"column":84}},"15":{"start":{"line":24,"column":8},"end":{"line":24,"column":52}},"16":{"start":{"line":25,"column":8},"end":{"line":25,"column":90}},"17":{"start":{"line":27,"column":8},"end":{"line":27,"column":77}},"18":{"start":{"line":30,"column":0},"end":{"line":38,"column":1}},"19":{"start":{"line":31,"column":4},"end":{"line":37,"column":5}},"20":{"start":{"line":32,"column":19},"end":{"line":32,"column":53}},"21":{"start":{"line":33,"column":35},"end":{"line":33,"column":44}},"22":{"start":{"line":34,"column":8},"end":{"line":34,"column":44}},"23":{"start":{"line":36,"column":8},"end":{"line":36,"column":43}},"24":{"start":{"line":39,"column":0},"end":{"line":54,"column":1}},"25":{"start":{"line":40,"column":19},"end":{"line":40,"column":33}},"26":{"start":{"line":41,"column":4},"end":{"line":53,"column":5}},"27":{"start":{"line":43,"column":8},"end":{"line":48,"column":9}},"28":{"start":{"line":44,"column":12},"end":{"line":44,"column":46}},"29":{"start":{"line":47,"column":12},"end":{"line":47,"column":36}},"30":{"start":{"line":49,"column":8},"end":{"line":49,"column":44}},"31":{"start":{"line":52,"column":8},"end":{"line":52,"column":44}}},"fnMap":{"0":{"name":"(anonymous_0)","decl":{"start":{"line":4,"column":18},"end":{"line":4,"column":19}},"loc":{"start":{"line":4,"column":34},"end":{"line":17,"column":1}},"line":4},"1":{"name":"(anonymous_1)","decl":{"start":{"line":18,"column":18},"end":{"line":18,"column":19}},"loc":{"start":{"line":18,"column":34},"end":{"line":29,"column":5}},"line":18},"2":{"name":"(anonymous_2)","decl":{"start":{"line":30,"column":17},"end":{"line":30,"column":18}},"loc":{"start":{"line":30,"column":33},"end":{"line":38,"column":1}},"line":30},"3":{"name":"(anonymous_3)","decl":{"start":{"line":39,"column":16},"end":{"line":39,"column":17}},"loc":{"start":{"line":39,"column":32},"end":{"line":54,"column":1}},"line":39}},"branchMap":{"0":{"loc":{"start":{"line":5,"column":8},"end":{"line":8,"column":9}},"type":"if","locations":[{"start":{"line":5,"column":8},"end":{"line":8,"column":9}},{"start":{},"end":{}}],"line":5},"1":{"loc":{"start":{"line":21,"column":8},"end":{"line":23,"column":9}},"type":"if","locations":[{"start":{"line":21,"column":8},"end":{"line":23,"column":9}},{"start":{},"end":{}}],"line":21},"2":{"loc":{"start":{"line":43,"column":8},"end":{"line":48,"column":9}},"type":"if","locations":[{"start":{"line":43,"column":8},"end":{"line":48,"column":9}},{"start":{"line":46,"column":12},"end":{"line":48,"column":9}}],"line":43}},"s":{"0":3,"1":3,"2":3,"3":1,"4":1,"5":1,"6":1,"7":1,"8":1,"9":0,"10":3,"11":1,"12":1,"13":1,"14":0,"15":1,"16":1,"17":0,"18":3,"19":1,"20":1,"21":1,"22":1,"23":0,"24":3,"25":1,"26":1,"27":1,"28":0,"29":1,"30":1,"31":0},"f":{"0":1,"1":1,"2":1,"3":1},"b":{"0":[1,0],"1":[0,1],"2":[0,1]},"_coverageSchema":"1a1c01bbd47fc00a2c39e90264f33305004495a9","hash":"68e84f5e913fc7cbecd160183023017f315f580d"}
,"/Users/andelarwanda/Desktop/Brand/Brand-Api/docs/message.docs.js": {"path":"/Users/andelarwanda/Desktop/Brand/Brand-Api/docs/message.docs.js","statementMap":{"0":{"start":{"line":1,"column":24},"end":{"line":23,"column":1}},"1":{"start":{"line":25,"column":20},"end":{"line":56,"column":1}},"2":{"start":{"line":58,"column":20},"end":{"line":101,"column":1}},"3":{"start":{"line":103,"column":26},"end":{"line":134,"column":1}},"4":{"start":{"line":137,"column":0},"end":{"line":150,"column":1}}},"fnMap":{},"branchMap":{},"s":{"0":3,"1":3,"2":3,"3":3,"4":3},"f":{},"b":{},"_coverageSchema":"1a1c01bbd47fc00a2c39e90264f33305004495a9","hash":"25da723d7d5448a67ad8e6ca83489f9381d3067d"}
,"/Users/andelarwanda/Desktop/Brand/Brand-Api/docs/post.docs.js": {"path":"/Users/andelarwanda/Desktop/Brand/Brand-Api/docs/post.docs.js","statementMap":{"0":{"start":{"line":1,"column":21},"end":{"line":23,"column":1}},"1":{"start":{"line":25,"column":20},"end":{"line":51,"column":1}},"2":{"start":{"line":53,"column":19},"end":{"line":96,"column":1}},"3":{"start":{"line":98,"column":23},"end":{"line":129,"column":1}},"4":{"start":{"line":131,"column":23},"end":{"line":182,"column":1}},"5":{"start":{"line":183,"column":17},"end":{"line":209,"column":1}},"6":{"start":{"line":210,"column":19},"end":{"line":236,"column":1}},"7":{"start":{"line":237,"column":20},"end":{"line":284,"column":1}},"8":{"start":{"line":285,"column":19},"end":{"line":302,"column":1}},"9":{"start":{"line":303,"column":22},"end":{"line":329,"column":1}},"10":{"start":{"line":330,"column":0},"end":{"line":361,"column":1}}},"fnMap":{},"branchMap":{},"s":{"0":3,"1":3,"2":3,"3":3,"4":3,"5":3,"6":3,"7":3,"8":3,"9":3,"10":3},"f":{},"b":{},"_coverageSchema":"1a1c01bbd47fc00a2c39e90264f33305004495a9","hash":"d2fb7ea474d8e74e29c3110b51d3446474a9a8dd"}
,"/Users/andelarwanda/Desktop/Brand/Brand-Api/docs/swagger.js": {"path":"/Users/andelarwanda/Desktop/Brand/Brand-Api/docs/swagger.js","statementMap":{"0":{"start":{"line":1,"column":16},"end":{"line":1,"column":45}},"1":{"start":{"line":2,"column":20},"end":{"line":2,"column":44}},"2":{"start":{"line":3,"column":20},"end":{"line":3,"column":42}},"3":{"start":{"line":4,"column":20},"end":{"line":4,"column":42}},"4":{"start":{"line":5,"column":23},"end":{"line":5,"column":48}},"5":{"start":{"line":7,"column":16},"end":{"line":44,"column":1}},"6":{"start":{"line":45,"column":20},"end":{"line":45,"column":42}},"7":{"start":{"line":46,"column":20},"end":{"line":52,"column":1}},"8":{"start":{"line":47,"column":2},"end":{"line":47,"column":75}},"9":{"start":{"line":48,"column":2},"end":{"line":51,"column":5}},"10":{"start":{"line":49,"column":4},"end":{"line":49,"column":54}},"11":{"start":{"line":50,"column":4},"end":{"line":50,"column":26}},"12":{"start":{"line":54,"column":0},"end":{"line":54,"column":28}}},"fnMap":{"0":{"name":"(anonymous_0)","decl":{"start":{"line":46,"column":20},"end":{"line":46,"column":21}},"loc":{"start":{"line":46,"column":29},"end":{"line":52,"column":1}},"line":46},"1":{"name":"(anonymous_1)","decl":{"start":{"line":48,"column":33},"end":{"line":48,"column":34}},"loc":{"start":{"line":48,"column":47},"end":{"line":51,"column":3}},"line":48}},"branchMap":{},"s":{"0":3,"1":3,"2":3,"3":3,"4":3,"5":3,"6":3,"7":3,"8":3,"9":3,"10":0,"11":0,"12":3},"f":{"0":3,"1":0},"b":{},"_coverageSchema":"1a1c01bbd47fc00a2c39e90264f33305004495a9","hash":"c98d30504c51f6c6f62365939d26f15003584cfe"}
,"/Users/andelarwanda/Desktop/Brand/Brand-Api/docs/user.docs.js": {"path":"/Users/andelarwanda/Desktop/Brand/Brand-Api/docs/user.docs.js","statementMap":{"0":{"start":{"line":1,"column":21},"end":{"line":23,"column":1}},"1":{"start":{"line":25,"column":19},"end":{"line":73,"column":1}},"2":{"start":{"line":75,"column":14},"end":{"line":113,"column":1}},"3":{"start":{"line":115,"column":20},"end":{"line":146,"column":1}},"4":{"start":{"line":148,"column":23},"end":{"line":179,"column":1}},"5":{"start":{"line":181,"column":23},"end":{"line":238,"column":1}},"6":{"start":{"line":240,"column":0},"end":{"line":259,"column":2}}},"fnMap":{},"branchMap":{},"s":{"0":3,"1":3,"2":3,"3":3,"4":3,"5":3,"6":3},"f":{},"b":{},"_coverageSchema":"1a1c01bbd47fc00a2c39e90264f33305004495a9","hash":"e6758037f245271db88ff27bdffb95a9d052b447"}
,"/Users/andelarwanda/Desktop/Brand/Brand-Api/helpers/cloudinary.js": {"path":"/Users/andelarwanda/Desktop/Brand/Brand-Api/helpers/cloudinary.js","statementMap":{"0":{"start":{"line":1,"column":17},"end":{"line":1,"column":38}},"1":{"start":{"line":2,"column":13},"end":{"line":2,"column":30}},"2":{"start":{"line":4,"column":0},"end":{"line":4,"column":16}},"3":{"start":{"line":6,"column":0},"end":{"line":10,"column":3}},"4":{"start":{"line":12,"column":0},"end":{"line":12,"column":27}}},"fnMap":{},"branchMap":{},"s":{"0":3,"1":3,"2":3,"3":3,"4":3},"f":{},"b":{},"_coverageSchema":"1a1c01bbd47fc00a2c39e90264f33305004495a9","hash":"79a500f5e6d176fa3981132ba43a2300c4389cb6"}
,"/Users/andelarwanda/Desktop/Brand/Brand-Api/helpers/jwt.js": {"path":"/Users/andelarwanda/Desktop/Brand/Brand-Api/helpers/jwt.js","statementMap":{"0":{"start":{"line":1,"column":10},"end":{"line":1,"column":33}},"1":{"start":{"line":2,"column":13},"end":{"line":2,"column":30}},"2":{"start":{"line":3,"column":0},"end":{"line":3,"column":16}},"3":{"start":{"line":5,"column":0},"end":{"line":5,"column":72}},"4":{"start":{"line":5,"column":28},"end":{"line":5,"column":71}},"5":{"start":{"line":6,"column":0},"end":{"line":6,"column":76}},"6":{"start":{"line":6,"column":30},"end":{"line":6,"column":75}}},"fnMap":{"0":{"name":"(anonymous_0)","decl":{"start":{"line":5,"column":15},"end":{"line":5,"column":16}},"loc":{"start":{"line":5,"column":28},"end":{"line":5,"column":71}},"line":5},"1":{"name":"(anonymous_1)","decl":{"start":{"line":6,"column":17},"end":{"line":6,"column":18}},"loc":{"start":{"line":6,"column":30},"end":{"line":6,"column":75}},"line":6}},"branchMap":{},"s":{"0":3,"1":3,"2":3,"3":3,"4":3,"5":3,"6":9},"f":{"0":3,"1":9},"b":{},"_coverageSchema":"1a1c01bbd47fc00a2c39e90264f33305004495a9","hash":"fb68deae96b8f544946fa579a7707501a2fffedf"}
,"/Users/andelarwanda/Desktop/Brand/Brand-Api/helpers/multer.js": {"path":"/Users/andelarwanda/Desktop/Brand/Brand-Api/helpers/multer.js","statementMap":{"0":{"start":{"line":1,"column":13},"end":{"line":1,"column":30}},"1":{"start":{"line":2,"column":11},"end":{"line":2,"column":26}},"2":{"start":{"line":4,"column":0},"end":{"line":17,"column":3}},"3":{"start":{"line":7,"column":8},"end":{"line":7,"column":34}},"4":{"start":{"line":10,"column":24},"end":{"line":10,"column":55}},"5":{"start":{"line":11,"column":8},"end":{"line":14,"column":9}},"6":{"start":{"line":12,"column":12},"end":{"line":12,"column":53}},"7":{"start":{"line":13,"column":12},"end":{"line":13,"column":19}},"8":{"start":{"line":15,"column":8},"end":{"line":15,"column":22}}},"fnMap":{"0":{"name":"(anonymous_0)","decl":{"start":{"line":6,"column":13},"end":{"line":6,"column":14}},"loc":{"start":{"line":6,"column":29},"end":{"line":8,"column":5}},"line":6},"1":{"name":"(anonymous_1)","decl":{"start":{"line":9,"column":15},"end":{"line":9,"column":16}},"loc":{"start":{"line":9,"column":31},"end":{"line":16,"column":5}},"line":9}},"branchMap":{"0":{"loc":{"start":{"line":11,"column":8},"end":{"line":14,"column":9}},"type":"if","locations":[{"start":{"line":11,"column":8},"end":{"line":14,"column":9}},{"start":{},"end":{}}],"line":11},"1":{"loc":{"start":{"line":11,"column":11},"end":{"line":11,"column":82}},"type":"binary-expr","locations":[{"start":{"line":11,"column":11},"end":{"line":11,"column":32}},{"start":{"line":11,"column":36},"end":{"line":11,"column":58}},{"start":{"line":11,"column":62},"end":{"line":11,"column":82}}],"line":11}},"s":{"0":3,"1":3,"2":3,"3":0,"4":0,"5":0,"6":0,"7":0,"8":0},"f":{"0":0,"1":0},"b":{"0":[0,0],"1":[0,0,0]},"_coverageSchema":"1a1c01bbd47fc00a2c39e90264f33305004495a9","hash":"55f6b34b588578a8da1308fd4df29986147365cb"}
,"/Users/andelarwanda/Desktop/Brand/Brand-Api/middleware/auth.js": {"path":"/Users/andelarwanda/Desktop/Brand/Brand-Api/middleware/auth.js","statementMap":{"0":{"start":{"line":1,"column":13},"end":{"line":1,"column":38}},"1":{"start":{"line":3,"column":20},"end":{"line":17,"column":1}},"2":{"start":{"line":4,"column":4},"end":{"line":16,"column":5}},"3":{"start":{"line":5,"column":27},"end":{"line":5,"column":75}},"4":{"start":{"line":6,"column":8},"end":{"line":8,"column":9}},"5":{"start":{"line":7,"column":9},"end":{"line":7,"column":89}},"6":{"start":{"line":9,"column":22},"end":{"line":9,"column":46}},"7":{"start":{"line":10,"column":8},"end":{"line":10,"column":77}},"8":{"start":{"line":10,"column":19},"end":{"line":10,"column":77}},"9":{"start":{"line":11,"column":25},"end":{"line":11,"column":45}},"10":{"start":{"line":12,"column":8},"end":{"line":12,"column":28}},"11":{"start":{"line":13,"column":8},"end":{"line":13,"column":15}},"12":{"start":{"line":15,"column":8},"end":{"line":15,"column":47}},"13":{"start":{"line":18,"column":27},"end":{"line":27,"column":1}},"14":{"start":{"line":19,"column":4},"end":{"line":26,"column":6}},"15":{"start":{"line":20,"column":8},"end":{"line":25,"column":9}},"16":{"start":{"line":21,"column":12},"end":{"line":21,"column":19}},"17":{"start":{"line":24,"column":12},"end":{"line":24,"column":92}},"18":{"start":{"line":28,"column":0},"end":{"line":28,"column":47}}},"fnMap":{"0":{"name":"(anonymous_0)","decl":{"start":{"line":3,"column":20},"end":{"line":3,"column":21}},"loc":{"start":{"line":3,"column":37},"end":{"line":17,"column":1}},"line":3},"1":{"name":"(anonymous_1)","decl":{"start":{"line":18,"column":27},"end":{"line":18,"column":28}},"loc":{"start":{"line":18,"column":44},"end":{"line":27,"column":1}},"line":18},"2":{"name":"(anonymous_2)","decl":{"start":{"line":19,"column":24},"end":{"line":19,"column":25}},"loc":{"start":{"line":19,"column":29},"end":{"line":26,"column":5}},"line":19}},"branchMap":{"0":{"loc":{"start":{"line":5,"column":27},"end":{"line":5,"column":75}},"type":"binary-expr","locations":[{"start":{"line":5,"column":27},"end":{"line":5,"column":55}},{"start":{"line":5,"column":58},"end":{"line":5,"column":75}}],"line":5},"1":{"loc":{"start":{"line":6,"column":8},"end":{"line":8,"column":9}},"type":"if","locations":[{"start":{"line":6,"column":8},"end":{"line":8,"column":9}},{"start":{},"end":{}}],"line":6},"2":{"loc":{"start":{"line":10,"column":8},"end":{"line":10,"column":77}},"type":"if","locations":[{"start":{"line":10,"column":8},"end":{"line":10,"column":77}},{"start":{},"end":{}}],"line":10},"3":{"loc":{"start":{"line":20,"column":8},"end":{"line":25,"column":9}},"type":"if","locations":[{"start":{"line":20,"column":8},"end":{"line":25,"column":9}},{"start":{"line":23,"column":12},"end":{"line":25,"column":9}}],"line":20}},"s":{"0":3,"1":3,"2":10,"3":10,"4":10,"5":1,"6":10,"7":9,"8":0,"9":9,"10":8,"11":8,"12":2,"13":3,"14":10,"15":8,"16":8,"17":0,"18":3},"f":{"0":10,"1":10,"2":8},"b":{"0":[10,9],"1":[1,9],"2":[0,9],"3":[8,0]},"_coverageSchema":"1a1c01bbd47fc00a2c39e90264f33305004495a9","hash":"dd006f72112121ddb0eacf41ff83055f1c4b1df6"}
,"/Users/andelarwanda/Desktop/Brand/Brand-Api/models/Category.js": {"path":"/Users/andelarwanda/Desktop/Brand/Brand-Api/models/Category.js","statementMap":{"0":{"start":{"line":1,"column":15},"end":{"line":1,"column":34}},"1":{"start":{"line":3,"column":21},"end":{"line":10,"column":1}},"2":{"start":{"line":12,"column":0},"end":{"line":12,"column":57}}},"fnMap":{},"branchMap":{},"s":{"0":3,"1":3,"2":3},"f":{},"b":{},"_coverageSchema":"1a1c01bbd47fc00a2c39e90264f33305004495a9","hash":"b8be9a496f95fd6efbfd10fa473af4a75bd375f0"}
,"/Users/andelarwanda/Desktop/Brand/Brand-Api/models/Comment.js": {"path":"/Users/andelarwanda/Desktop/Brand/Brand-Api/models/Comment.js","statementMap":{"0":{"start":{"line":1,"column":17},"end":{"line":1,"column":36}},"1":{"start":{"line":3,"column":23},"end":{"line":17,"column":2}},"2":{"start":{"line":19,"column":0},"end":{"line":19,"column":59}}},"fnMap":{},"branchMap":{},"s":{"0":3,"1":3,"2":3},"f":{},"b":{},"_coverageSchema":"1a1c01bbd47fc00a2c39e90264f33305004495a9","hash":"a06b304db92866f44bb65663f3afd13f9d8c275a"}
,"/Users/andelarwanda/Desktop/Brand/Brand-Api/models/Message.js": {"path":"/Users/andelarwanda/Desktop/Brand/Brand-Api/models/Message.js","statementMap":{"0":{"start":{"line":1,"column":15},"end":{"line":1,"column":34}},"1":{"start":{"line":3,"column":20},"end":{"line":18,"column":1}},"2":{"start":{"line":20,"column":0},"end":{"line":20,"column":55}}},"fnMap":{},"branchMap":{},"s":{"0":3,"1":3,"2":3},"f":{},"b":{},"_coverageSchema":"1a1c01bbd47fc00a2c39e90264f33305004495a9","hash":"f3afc1fefb61a4407fcb9e20b654023cc23a873a"}
,"/Users/andelarwanda/Desktop/Brand/Brand-Api/models/Posts.js": {"path":"/Users/andelarwanda/Desktop/Brand/Brand-Api/models/Posts.js","statementMap":{"0":{"start":{"line":1,"column":15},"end":{"line":1,"column":34}},"1":{"start":{"line":3,"column":17},"end":{"line":25,"column":1}},"2":{"start":{"line":26,"column":0},"end":{"line":26,"column":49}}},"fnMap":{},"branchMap":{},"s":{"0":3,"1":3,"2":3},"f":{},"b":{},"_coverageSchema":"1a1c01bbd47fc00a2c39e90264f33305004495a9","hash":"854209fc6d1f0320eb3f414ee36a6c6caa83954a"}
,"/Users/andelarwanda/Desktop/Brand/Brand-Api/models/User.js": {"path":"/Users/andelarwanda/Desktop/Brand/Brand-Api/models/User.js","statementMap":{"0":{"start":{"line":1,"column":15},"end":{"line":1,"column":34}},"1":{"start":{"line":3,"column":17},"end":{"line":22,"column":1}},"2":{"start":{"line":24,"column":0},"end":{"line":24,"column":49}}},"fnMap":{},"branchMap":{},"s":{"0":3,"1":3,"2":3},"f":{},"b":{},"_coverageSchema":"1a1c01bbd47fc00a2c39e90264f33305004495a9","hash":"6957588d7d27f3377a76adbf4b344165ad840dca"}
,"/Users/andelarwanda/Desktop/Brand/Brand-Api/routes/auth.js": {"path":"/Users/andelarwanda/Desktop/Brand/Brand-Api/routes/auth.js","statementMap":{"0":{"start":{"line":1,"column":13},"end":{"line":1,"column":40}},"1":{"start":{"line":2,"column":11},"end":{"line":2,"column":36}},"2":{"start":{"line":3,"column":13},"end":{"line":3,"column":30}},"3":{"start":{"line":4,"column":10},"end":{"line":4,"column":35}},"4":{"start":{"line":5,"column":0},"end":{"line":15,"column":2}},"5":{"start":{"line":6,"column":4},"end":{"line":14,"column":7}},"6":{"start":{"line":7,"column":21},"end":{"line":7,"column":39}},"7":{"start":{"line":8,"column":21},"end":{"line":8,"column":45}},"8":{"start":{"line":9,"column":8},"end":{"line":9,"column":61}},"9":{"start":{"line":10,"column":8},"end":{"line":10,"column":26}},"10":{"start":{"line":11,"column":8},"end":{"line":11,"column":59}},"11":{"start":{"line":13,"column":8},"end":{"line":13,"column":69}},"12":{"start":{"line":16,"column":0},"end":{"line":31,"column":6}},"13":{"start":{"line":17,"column":4},"end":{"line":30,"column":7}},"14":{"start":{"line":18,"column":21},"end":{"line":18,"column":63}},"15":{"start":{"line":19,"column":8},"end":{"line":19,"column":92}},"16":{"start":{"line":19,"column":18},"end":{"line":19,"column":92}},"17":{"start":{"line":20,"column":22},"end":{"line":20,"column":75}},"18":{"start":{"line":21,"column":8},"end":{"line":24,"column":9}},"19":{"start":{"line":22,"column":10},"end":{"line":22,"column":73}},"20":{"start":{"line":23,"column":10},"end":{"line":23,"column":17}},"21":{"start":{"line":25,"column":28},"end":{"line":25,"column":66}},"22":{"start":{"line":26,"column":8},"end":{"line":26,"column":77}},"23":{"start":{"line":29,"column":8},"end":{"line":29,"column":69}},"24":{"start":{"line":32,"column":0},"end":{"line":32,"column":22}}},"fnMap":{"0":{"name":"(anonymous_0)","decl":{"start":{"line":5,"column":24},"end":{"line":5,"column":25}},"loc":{"start":{"line":5,"column":40},"end":{"line":15,"column":1}},"line":5},"1":{"name":"(anonymous_1)","decl":{"start":{"line":16,"column":21},"end":{"line":16,"column":22}},"loc":{"start":{"line":16,"column":37},"end":{"line":31,"column":5}},"line":16}},"branchMap":{"0":{"loc":{"start":{"line":19,"column":8},"end":{"line":19,"column":92}},"type":"if","locations":[{"start":{"line":19,"column":8},"end":{"line":19,"column":92}},{"start":{},"end":{}}],"line":19},"1":{"loc":{"start":{"line":21,"column":8},"end":{"line":24,"column":9}},"type":"if","locations":[{"start":{"line":21,"column":8},"end":{"line":24,"column":9}},{"start":{},"end":{}}],"line":21}},"s":{"0":3,"1":3,"2":3,"3":3,"4":3,"5":4,"6":4,"7":4,"8":4,"9":4,"10":4,"11":0,"12":3,"13":5,"14":5,"15":5,"16":2,"17":3,"18":3,"19":0,"20":0,"21":3,"22":3,"23":0,"24":3},"f":{"0":4,"1":5},"b":{"0":[2,3],"1":[0,3]},"_coverageSchema":"1a1c01bbd47fc00a2c39e90264f33305004495a9","hash":"658aaecbb8c12aee0d3e694bb83efa36bab7ed34"}
,"/Users/andelarwanda/Desktop/Brand/Brand-Api/routes/category.js": {"path":"/Users/andelarwanda/Desktop/Brand/Brand-Api/routes/category.js","statementMap":{"0":{"start":{"line":1,"column":13},"end":{"line":1,"column":40}},"1":{"start":{"line":2,"column":25},"end":{"line":2,"column":69}},"2":{"start":{"line":3,"column":11},"end":{"line":3,"column":40}},"3":{"start":{"line":5,"column":0},"end":{"line":5,"column":77}},"4":{"start":{"line":6,"column":0},"end":{"line":6,"column":72}},"5":{"start":{"line":7,"column":0},"end":{"line":7,"column":74}},"6":{"start":{"line":8,"column":0},"end":{"line":8,"column":22}}},"fnMap":{},"branchMap":{},"s":{"0":3,"1":3,"2":3,"3":3,"4":3,"5":3,"6":3},"f":{},"b":{},"_coverageSchema":"1a1c01bbd47fc00a2c39e90264f33305004495a9","hash":"29890e36d3919bddef805271716152170ff1c4d5"}
,"/Users/andelarwanda/Desktop/Brand/Brand-Api/routes/message.js": {"path":"/Users/andelarwanda/Desktop/Brand/Brand-Api/routes/message.js","statementMap":{"0":{"start":{"line":1,"column":13},"end":{"line":1,"column":40}},"1":{"start":{"line":2,"column":24},"end":{"line":2,"column":67}},"2":{"start":{"line":3,"column":11},"end":{"line":3,"column":40}},"3":{"start":{"line":5,"column":0},"end":{"line":5,"column":54}},"4":{"start":{"line":7,"column":0},"end":{"line":7,"column":68}},"5":{"start":{"line":9,"column":0},"end":{"line":9,"column":65}},"6":{"start":{"line":11,"column":0},"end":{"line":11,"column":78}},"7":{"start":{"line":13,"column":0},"end":{"line":13,"column":22}}},"fnMap":{},"branchMap":{},"s":{"0":3,"1":3,"2":3,"3":3,"4":3,"5":3,"6":3,"7":3},"f":{},"b":{},"_coverageSchema":"1a1c01bbd47fc00a2c39e90264f33305004495a9","hash":"711e58f3b85634140bf9955aabceac596993ae89"}
,"/Users/andelarwanda/Desktop/Brand/Brand-Api/routes/post.js": {"path":"/Users/andelarwanda/Desktop/Brand/Brand-Api/routes/post.js","statementMap":{"0":{"start":{"line":1,"column":23},"end":{"line":1,"column":63}},"1":{"start":{"line":2,"column":26},"end":{"line":2,"column":69}},"2":{"start":{"line":3,"column":23},"end":{"line":3,"column":63}},"3":{"start":{"line":4,"column":13},"end":{"line":4,"column":40}},"4":{"start":{"line":5,"column":11},"end":{"line":5,"column":40}},"5":{"start":{"line":6,"column":13},"end":{"line":6,"column":41}},"6":{"start":{"line":10,"column":0},"end":{"line":10,"column":96}},"7":{"start":{"line":12,"column":0},"end":{"line":12,"column":42}},"8":{"start":{"line":14,"column":0},"end":{"line":14,"column":105}},"9":{"start":{"line":16,"column":0},"end":{"line":16,"column":78}},"10":{"start":{"line":18,"column":0},"end":{"line":18,"column":43}},"11":{"start":{"line":20,"column":0},"end":{"line":20,"column":46}},"12":{"start":{"line":22,"column":0},"end":{"line":22,"column":49}},"13":{"start":{"line":24,"column":0},"end":{"line":24,"column":59}},"14":{"start":{"line":25,"column":0},"end":{"line":25,"column":22}}},"fnMap":{},"branchMap":{},"s":{"0":3,"1":3,"2":3,"3":3,"4":3,"5":3,"6":3,"7":3,"8":3,"9":3,"10":3,"11":3,"12":3,"13":3,"14":3},"f":{},"b":{},"_coverageSchema":"1a1c01bbd47fc00a2c39e90264f33305004495a9","hash":"648f69795b7ea839f0a3fbc7b3fdc799b4c3d3a5"}
,"/Users/andelarwanda/Desktop/Brand/Brand-Api/routes/user.js": {"path":"/Users/andelarwanda/Desktop/Brand/Brand-Api/routes/user.js","statementMap":{"0":{"start":{"line":1,"column":13},"end":{"line":1,"column":40}},"1":{"start":{"line":2,"column":21},"end":{"line":2,"column":61}},"2":{"start":{"line":3,"column":11},"end":{"line":3,"column":40}},"3":{"start":{"line":5,"column":0},"end":{"line":5,"column":75}},"4":{"start":{"line":6,"column":0},"end":{"line":6,"column":78}},"5":{"start":{"line":7,"column":0},"end":{"line":7,"column":67}},"6":{"start":{"line":8,"column":0},"end":{"line":8,"column":63}},"7":{"start":{"line":9,"column":0},"end":{"line":9,"column":22}}},"fnMap":{},"branchMap":{},"s":{"0":3,"1":3,"2":3,"3":3,"4":3,"5":3,"6":3,"7":3},"f":{},"b":{},"_coverageSchema":"1a1c01bbd47fc00a2c39e90264f33305004495a9","hash":"ff43ea2bbb5936c648645a4e44e2ff4f0f24c311"}
}
