TN:
SF:app.js
FN:16,(anonymous_0)
FNF:1
FNH:0
FNDA:0,(anonymous_0)
DA:1,3
DA:2,3
DA:3,3
DA:4,3
DA:5,3
DA:6,3
DA:7,3
DA:8,3
DA:9,3
DA:10,3
DA:11,3
DA:12,3
DA:13,3
DA:14,3
DA:16,0
DA:17,3
DA:18,3
DA:19,3
DA:20,3
DA:21,3
DA:22,3
DA:23,3
LF:22
LH:21
BRF:0
BRH:0
end_of_record
TN:
SF:controllers/categoryController.js
FN:3,(anonymous_0)
FN:13,(anonymous_1)
FN:22,(anonymous_2)
FNF:3
FNH:0
FNDA:0,(anonymous_0)
FNDA:0,(anonymous_1)
FNDA:0,(anonymous_2)
DA:1,3
DA:3,3
DA:4,0
DA:5,0
DA:6,0
DA:7,0
DA:10,0
DA:13,3
DA:14,0
DA:15,0
DA:16,0
DA:19,0
DA:22,3
DA:23,0
DA:24,0
DA:25,0
DA:27,0
LF:17
LH:4
BRF:0
BRH:0
end_of_record
TN:
SF:controllers/commentController.js
FN:4,(anonymous_0)
FN:23,(anonymous_1)
FN:29,(anonymous_2)
FNF:3
FNH:0
FNDA:0,(anonymous_0)
FNDA:0,(anonymous_1)
FNDA:0,(anonymous_2)
DA:2,3
DA:3,3
DA:4,3
DA:6,0
DA:8,0
DA:16,0
DA:19,0
DA:20,0
DA:21,0
DA:23,3
DA:24,0
DA:27,0
DA:29,3
DA:30,0
DA:31,0
LF:15
LH:5
BRF:0
BRH:0
end_of_record
TN:
SF:controllers/likeController.js
FN:3,(anonymous_0)
FN:17,(anonymous_1)
FNF:2
FNH:0
FNDA:0,(anonymous_0)
FNDA:0,(anonymous_1)
DA:2,3
DA:3,3
DA:4,0
DA:5,0
DA:6,0
DA:7,0
DA:9,0
DA:12,0
DA:14,0
DA:17,3
DA:18,0
DA:19,0
DA:20,0
DA:21,0
DA:23,0
DA:26,0
DA:28,0
LF:17
LH:3
BRDA:6,0,0,0
BRDA:6,0,1,0
BRDA:20,1,0,0
BRDA:20,1,1,0
BRF:4
BRH:0
end_of_record
TN:
SF:controllers/messageController.js
FN:3,(anonymous_0)
FN:12,(anonymous_1)
FN:20,(anonymous_2)
FN:36,(anonymous_3)
FNF:4
FNH:4
FNDA:1,(anonymous_0)
FNDA:1,(anonymous_1)
FNDA:1,(anonymous_2)
FNDA:1,(anonymous_3)
DA:1,3
DA:3,3
DA:4,1
DA:5,1
DA:6,1
DA:7,1
DA:9,0
DA:12,3
DA:13,1
DA:14,1
DA:15,1
DA:17,0
DA:20,3
DA:21,1
DA:22,1
DA:24,1
DA:25,0
DA:28,1
DA:30,1
DA:33,0
DA:36,3
DA:37,1
DA:38,1
DA:39,1
DA:40,1
DA:41,1
DA:43,0
LF:27
LH:22
BRDA:24,0,0,0
BRDA:24,0,1,1
BRDA:39,1,0,0
BRDA:39,1,1,1
BRF:4
BRH:2
end_of_record
TN:
SF:controllers/postController.js
FN:4,(anonymous_0)
FN:18,(anonymous_1)
FN:37,(anonymous_2)
FN:46,(anonymous_3)
FN:55,(anonymous_4)
FNF:5
FNH:3
FNDA:0,(anonymous_0)
FNDA:0,(anonymous_1)
FNDA:1,(anonymous_2)
FNDA:1,(anonymous_3)
FNDA:1,(anonymous_4)
DA:1,3
DA:2,3
DA:4,3
DA:5,0
DA:6,0
DA:7,0
DA:12,0
DA:13,0
DA:15,0
DA:18,3
DA:19,0
DA:20,0
DA:21,0
DA:22,0
DA:23,0
DA:24,0
DA:29,0
DA:34,0
DA:37,3
DA:38,1
DA:39,1
DA:40,1
DA:43,0
DA:46,3
DA:47,1
DA:48,1
DA:50,1
DA:52,0
DA:55,3
DA:56,1
DA:57,1
DA:58,1
DA:60,1
DA:61,0
DA:63,1
DA:64,0
DA:69,1
DA:72,1
DA:75,0
LF:39
LH:20
BRDA:21,0,0,0
BRDA:21,0,1,0
BRDA:60,1,0,0
BRDA:60,1,1,1
BRDA:63,2,0,0
BRDA:63,2,1,1
BRF:6
BRH:2
end_of_record
TN:
SF:controllers/userController.js
FN:4,(anonymous_0)
FN:18,(anonymous_1)
FN:30,(anonymous_2)
FN:39,(anonymous_3)
FNF:4
FNH:4
FNDA:1,(anonymous_0)
FNDA:1,(anonymous_1)
FNDA:1,(anonymous_2)
FNDA:1,(anonymous_3)
DA:1,3
DA:2,3
DA:4,3
DA:5,1
DA:6,1
DA:7,1
DA:9,1
DA:10,1
DA:13,1
DA:15,0
DA:18,3
DA:19,1
DA:20,1
DA:21,1
DA:22,0
DA:24,1
DA:25,1
DA:27,0
DA:30,3
DA:31,1
DA:32,1
DA:33,1
DA:34,1
DA:36,0
DA:39,3
DA:40,1
DA:41,1
DA:43,1
DA:44,0
DA:47,1
DA:49,1
DA:52,0
LF:32
LH:26
BRDA:5,0,0,1
BRDA:5,0,1,0
BRDA:21,1,0,0
BRDA:21,1,1,1
BRDA:43,2,0,0
BRDA:43,2,1,1
BRF:6
BRH:3
end_of_record
TN:
SF:docs/message.docs.js
FNF:0
FNH:0
DA:1,3
DA:25,3
DA:58,3
DA:103,3
DA:137,3
LF:5
LH:5
BRF:0
BRH:0
end_of_record
TN:
SF:docs/post.docs.js
FNF:0
FNH:0
DA:1,3
DA:25,3
DA:53,3
DA:98,3
DA:131,3
DA:183,3
DA:210,3
DA:237,3
DA:285,3
DA:303,3
DA:330,3
LF:11
LH:11
BRF:0
BRH:0
end_of_record
TN:
SF:docs/swagger.js
FN:46,(anonymous_0)
FN:48,(anonymous_1)
FNF:2
FNH:1
FNDA:3,(anonymous_0)
FNDA:0,(anonymous_1)
DA:1,3
DA:2,3
DA:3,3
DA:4,3
DA:5,3
DA:7,3
DA:45,3
DA:46,3
DA:47,3
DA:48,3
DA:49,0
DA:50,0
DA:54,3
LF:13
LH:11
BRF:0
BRH:0
end_of_record
TN:
SF:docs/user.docs.js
FNF:0
FNH:0
DA:1,3
DA:25,3
DA:75,3
DA:115,3
DA:148,3
DA:181,3
DA:240,3
LF:7
LH:7
BRF:0
BRH:0
end_of_record
TN:
SF:helpers/cloudinary.js
FNF:0
FNH:0
DA:1,3
DA:2,3
DA:4,3
DA:6,3
DA:12,3
LF:5
LH:5
BRF:0
BRH:0
end_of_record
TN:
SF:helpers/jwt.js
FN:5,(anonymous_0)
FN:6,(anonymous_1)
FNF:2
FNH:2
FNDA:3,(anonymous_0)
FNDA:9,(anonymous_1)
DA:1,3
DA:2,3
DA:3,3
DA:5,3
DA:6,9
LF:5
LH:5
BRF:0
BRH:0
end_of_record
TN:
SF:helpers/multer.js
FN:6,(anonymous_0)
FN:9,(anonymous_1)
FNF:2
FNH:0
FNDA:0,(anonymous_0)
FNDA:0,(anonymous_1)
DA:1,3
DA:2,3
DA:4,3
DA:7,0
DA:10,0
DA:11,0
DA:12,0
DA:13,0
DA:15,0
LF:9
LH:3
BRDA:11,0,0,0
BRDA:11,0,1,0
BRDA:11,1,0,0
BRDA:11,1,1,0
BRDA:11,1,2,0
BRF:5
BRH:0
end_of_record
TN:
SF:middleware/auth.js
FN:3,(anonymous_0)
FN:18,(anonymous_1)
FN:19,(anonymous_2)
FNF:3
FNH:3
FNDA:10,(anonymous_0)
FNDA:10,(anonymous_1)
FNDA:8,(anonymous_2)
DA:1,3
DA:3,3
DA:4,10
DA:5,10
DA:6,10
DA:7,1
DA:9,10
DA:10,9
DA:11,9
DA:12,8
DA:13,8
DA:15,2
DA:18,3
DA:19,10
DA:20,8
DA:21,8
DA:24,0
DA:28,3
LF:18
LH:17
BRDA:5,0,0,10
BRDA:5,0,1,9
BRDA:6,1,0,1
BRDA:6,1,1,9
BRDA:10,2,0,0
BRDA:10,2,1,9
BRDA:20,3,0,8
BRDA:20,3,1,0
BRF:8
BRH:6
end_of_record
TN:
SF:models/Category.js
FNF:0
FNH:0
DA:1,3
DA:3,3
DA:12,3
LF:3
LH:3
BRF:0
BRH:0
end_of_record
TN:
SF:models/Comment.js
FNF:0
FNH:0
DA:1,3
DA:3,3
DA:19,3
LF:3
LH:3
BRF:0
BRH:0
end_of_record
TN:
SF:models/Message.js
FNF:0
FNH:0
DA:1,3
DA:3,3
DA:20,3
LF:3
LH:3
BRF:0
BRH:0
end_of_record
TN:
SF:models/Posts.js
FNF:0
FNH:0
DA:1,3
DA:3,3
DA:26,3
LF:3
LH:3
BRF:0
BRH:0
end_of_record
TN:
SF:models/User.js
FNF:0
FNH:0
DA:1,3
DA:3,3
DA:24,3
LF:3
LH:3
BRF:0
BRH:0
end_of_record
TN:
SF:routes/auth.js
FN:5,(anonymous_0)
FN:16,(anonymous_1)
FNF:2
FNH:2
FNDA:4,(anonymous_0)
FNDA:5,(anonymous_1)
DA:1,3
DA:2,3
DA:3,3
DA:4,3
DA:5,3
DA:6,4
DA:7,4
DA:8,4
DA:9,4
DA:10,4
DA:11,4
DA:13,0
DA:16,3
DA:17,5
DA:18,5
DA:19,5
DA:20,3
DA:21,3
DA:22,0
DA:23,0
DA:25,3
DA:26,3
DA:29,0
DA:32,3
LF:24
LH:20
BRDA:19,0,0,2
BRDA:19,0,1,3
BRDA:21,1,0,0
BRDA:21,1,1,3
BRF:4
BRH:3
end_of_record
TN:
SF:routes/category.js
FNF:0
FNH:0
DA:1,3
DA:2,3
DA:3,3
DA:5,3
DA:6,3
DA:7,3
DA:8,3
LF:7
LH:7
BRF:0
BRH:0
end_of_record
TN:
SF:routes/message.js
FNF:0
FNH:0
DA:1,3
DA:2,3
DA:3,3
DA:5,3
DA:7,3
DA:9,3
DA:11,3
DA:13,3
LF:8
LH:8
BRF:0
BRH:0
end_of_record
TN:
SF:routes/post.js
FNF:0
FNH:0
DA:1,3
DA:2,3
DA:3,3
DA:4,3
DA:5,3
DA:6,3
DA:10,3
DA:12,3
DA:14,3
DA:16,3
DA:18,3
DA:20,3
DA:21,3
DA:23,3
DA:24,3
DA:25,3
DA:26,3
LF:17
LH:17
BRF:0
BRH:0
end_of_record
TN:
SF:routes/user.js
FNF:0
FNH:0
DA:1,3
DA:2,3
DA:3,3
DA:5,3
DA:6,3
DA:7,3
DA:8,3
DA:9,3
LF:8
LH:8
BRF:0
BRH:0
end_of_record
